0 info it worked if it ends with ok
1 verbose cli [ 'C:\\Program Files\\nodejs\\node.exe',
1 verbose cli   'C:\\Program Files\\nodejs\\node_modules\\npm\\bin\\npm-cli.js',
1 verbose cli   'publish' ]
2 info using npm@3.10.8
3 info using node@v6.9.1
4 verbose publish [ '.' ]
5 silly cache add args [ '.', null ]
6 verbose cache add spec .
7 silly cache add parsed spec Result {
7 silly cache add   raw: '.',
7 silly cache add   scope: null,
7 silly cache add   escapedName: null,
7 silly cache add   name: null,
7 silly cache add   rawSpec: '.',
7 silly cache add   spec: 'D:\\OpenServer\\domains\\file-injector',
7 silly cache add   type: 'directory' }
8 verbose addLocalDirectory C:\Users\zhoydik_vv\AppData\Roaming\npm-cache\file-injector\1.0.1\package.tgz not in flight; packing
9 verbose correctMkdir C:\Users\zhoydik_vv\AppData\Roaming\npm-cache correctMkdir not in flight; initializing
10 info lifecycle file-injector@1.0.1~prepublish: file-injector@1.0.1
11 silly lifecycle file-injector@1.0.1~prepublish: no script for prepublish, continuing
12 verbose tar pack [ 'C:\\Users\\zhoydik_vv\\AppData\\Roaming\\npm-cache\\file-injector\\1.0.1\\package.tgz',
12 verbose tar pack   'D:\\OpenServer\\domains\\file-injector' ]
13 verbose tarball C:\Users\zhoydik_vv\AppData\Roaming\npm-cache\file-injector\1.0.1\package.tgz
14 verbose folder D:\OpenServer\domains\file-injector
15 verbose addLocalTarball adding from inside cache C:\Users\zhoydik_vv\AppData\Roaming\npm-cache\file-injector\1.0.1\package.tgz
16 verbose correctMkdir C:\Users\zhoydik_vv\AppData\Roaming\npm-cache correctMkdir not in flight; initializing
17 silly cache afterAdd file-injector@1.0.1
18 verbose afterAdd C:\Users\zhoydik_vv\AppData\Roaming\npm-cache\file-injector\1.0.1\package\package.json not in flight; writing
19 verbose correctMkdir C:\Users\zhoydik_vv\AppData\Roaming\npm-cache correctMkdir not in flight; initializing
20 verbose afterAdd C:\Users\zhoydik_vv\AppData\Roaming\npm-cache\file-injector\1.0.1\package\package.json written
21 silly publish { name: 'file-injector',
21 silly publish   version: '1.0.1',
21 silly publish   description: 'read images and convert to base64, insert files in different ways',
21 silly publish   main: 'dist/file-injector.js',
21 silly publish   dependencies:
21 silly publish    { 'clean-webpack-plugin': '^0.1.17',
21 silly publish      'font-awesome': '^4.7.0',
21 silly publish      'pug-loader': '^2.3.0' },
21 silly publish   devDependencies:
21 silly publish    { 'clean-webpack-plugin': '^0.1.17',
21 silly publish      'css-loader': '^0.28.7',
21 silly publish      'extract-text-webpack-plugin': '^3.0.2',
21 silly publish      'file-loader': '1.1.5',
21 silly publish      'font-awesome': '^4.7.0',
21 silly publish      'html-webpack-plugin': '^2.30.1',
21 silly publish      'style-loader': '^0.19.0',
21 silly publish      'svg-inline-loader': '^0.8.0',
21 silly publish      'ts-loader': '^3.1.1',
21 silly publish      typescript: '^2.6.1',
21 silly publish      'url-loader': '^0.6.2',
21 silly publish      webpack: '^3.8.1',
21 silly publish      'webpack-dev-server': '^2.9.3' },
21 silly publish   scripts: { build: 'webpack', start: 'webpack-dev-server --open' },
21 silly publish   repository:
21 silly publish    { type: 'git',
21 silly publish      url: 'git+https://github.com/vadimjoy/file-injector.git' },
21 silly publish   keywords:
21 silly publish    [ 'insert',
21 silly publish      'file',
21 silly publish      'insert',
21 silly publish      'image',
21 silly publish      'upload',
21 silly publish      'files',
21 silly publish      'upload',
21 silly publish      'images' ],
21 silly publish   author: { name: 'Vadim Joy' },
21 silly publish   license: 'MIT',
21 silly publish   bugs: { url: 'https://github.com/vadimjoy/file-injector/issues' },
21 silly publish   homepage: 'https://github.com/vadimjoy/file-injector#readme',
21 silly publish   readme: '# file-injector\r\n\r\n#### Example\r\n\r\n###### HTML\r\n```html              \r\n<!-- wrapper for image preview -->\r\n<div class="load-target js-target"></div>\r\n\r\n                          <!-- important wrapper class --> \r\n<div class="file-uploader js-file-uploader">\r\n    <label class="file-uploader__field">\r\n        <!-- optional clipboard catch input -->\r\n        <input type="text">\r\n        <span class="file-uploader__indicator"><i class="fa fa-clipboard" aria-hidden="true"></i></span>\r\n    </label>\r\n    <span class="file-uploader__delimiter">или</span>\r\n    <label class="file-uploader__field">\r\n        <!-- optional file input -->\r\n        <input type="file" multiple>\r\n        <span class="file-uploader__indicator"><i class="fa fa-upload" aria-hidden="true"></i></span>\r\n    </label>\r\n</div>\r\n```\r\n\r\n###### JS\r\n```js\r\nvar target = document.querySelectorAll(\'.js-target\')[0];\r\n\r\n\r\nvar $injector = new FileInjector(\'.js-file-uploader\');\r\n\r\n$injector.readimageprocess = function (status:any) {\r\n    console.log(status);\r\n};\r\n\r\n$injector.onchangefile = function (file:any) {\r\n    console.log(file);\r\n};\r\n\r\n$injector.onreadimage = function (image:any) {\r\n    target.appendChild(image);\r\n};\r\n```',
21 silly publish   readmeFilename: 'README.md',
21 silly publish   gitHead: 'bfabdcb4b71ff4be4cc89a4a5aee7621c6835df0',
21 silly publish   _id: 'file-injector@1.0.1',
21 silly publish   _shasum: 'b816792de68ff51992925d557f603f4b0fdd91cb',
21 silly publish   _from: '.' }
22 verbose getPublishConfig undefined
23 silly mapToRegistry name file-injector
24 silly mapToRegistry using default registry
25 silly mapToRegistry registry https://registry.npmjs.org/
26 silly mapToRegistry data Result {
26 silly mapToRegistry   raw: 'file-injector',
26 silly mapToRegistry   scope: null,
26 silly mapToRegistry   escapedName: 'file-injector',
26 silly mapToRegistry   name: 'file-injector',
26 silly mapToRegistry   rawSpec: '',
26 silly mapToRegistry   spec: 'latest',
26 silly mapToRegistry   type: 'tag' }
27 silly mapToRegistry uri https://registry.npmjs.org/file-injector
28 verbose publish registryBase https://registry.npmjs.org/
29 silly publish uploading C:\Users\zhoydik_vv\AppData\Roaming\npm-cache\file-injector\1.0.1\package.tgz
30 verbose request uri https://registry.npmjs.org/file-injector
31 verbose request sending authorization for write operation
32 info attempt registry request try #1 at 17:29:29
33 verbose request using bearer token for auth
34 verbose request id 05effe82f9ee3031
35 http request PUT https://registry.npmjs.org/file-injector
36 http 400 https://registry.npmjs.org/file-injector
37 verbose headers { 'content-type': 'application/json',
37 verbose headers   'cache-control': 'max-age=300',
37 verbose headers   'content-length': '87',
37 verbose headers   'accept-ranges': 'bytes',
37 verbose headers   date: 'Wed, 14 Mar 2018 12:29:31 GMT',
37 verbose headers   via: '1.1 varnish',
37 verbose headers   connection: 'keep-alive',
37 verbose headers   'x-served-by': 'cache-ams4450-AMS',
37 verbose headers   'x-cache': 'MISS',
37 verbose headers   'x-cache-hits': '0',
37 verbose headers   'x-timer': 'S1521030570.580918,VS0,VE2117',
37 verbose headers   vary: 'Accept-Encoding, Accept' }
38 verbose request invalidating C:\Users\zhoydik_vv\AppData\Roaming\npm-cache\registry.npmjs.org\file-injector on PUT
39 error publish Failed PUT 400
40 verbose stack Error: Cannot publish over previously published version "1.0.1". : file-injector
40 verbose stack     at makeError (C:\Program Files\nodejs\node_modules\npm\node_modules\npm-registry-client\lib\request.js:302:12)
40 verbose stack     at CachingRegistryClient.<anonymous> (C:\Program Files\nodejs\node_modules\npm\node_modules\npm-registry-client\lib\request.js:290:14)
40 verbose stack     at Request._callback (C:\Program Files\nodejs\node_modules\npm\node_modules\npm-registry-client\lib\request.js:210:14)
40 verbose stack     at Request.self.callback (C:\Program Files\nodejs\node_modules\npm\node_modules\request\request.js:187:22)
40 verbose stack     at emitTwo (events.js:106:13)
40 verbose stack     at Request.emit (events.js:191:7)
40 verbose stack     at Request.<anonymous> (C:\Program Files\nodejs\node_modules\npm\node_modules\request\request.js:1044:10)
40 verbose stack     at emitOne (events.js:96:13)
40 verbose stack     at Request.emit (events.js:188:7)
40 verbose stack     at IncomingMessage.<anonymous> (C:\Program Files\nodejs\node_modules\npm\node_modules\request\request.js:965:12)
41 verbose statusCode 400
42 verbose pkgid file-injector
43 verbose cwd D:\OpenServer\domains\file-injector
44 error Windows_NT 6.1.7601
45 error argv "C:\\Program Files\\nodejs\\node.exe" "C:\\Program Files\\nodejs\\node_modules\\npm\\bin\\npm-cli.js" "publish"
46 error node v6.9.1
47 error npm  v3.10.8
48 error code E400
49 error Cannot publish over previously published version "1.0.1". : file-injector
50 error If you need help, you may report this error at:
50 error     <https://github.com/npm/npm/issues>
51 verbose exit [ 1, true ]
